<?xml version="1.0" encoding="UTF-8"?>
<testng-results ignored="0" total="1" passed="1" failed="0" skipped="0">
  <reporter-output>
  </reporter-output>
  <suite started-at="2023-05-24T10:53:21 PST" name="Default suite" finished-at="2023-05-24T10:53:28 PST" duration-ms="6821">
    <groups>
    </groups>
    <test started-at="2023-05-24T10:53:21 PST" name="Default test" finished-at="2023-05-24T10:53:28 PST" duration-ms="6821">
      <class name="ios.Slider">
        <test-method is-config="true" signature="configureApp()[pri:0, instance:ios.Slider@2034b64c]" started-at="2023-05-24T10:53:21 PST" name="configureApp" finished-at="2023-05-24T10:53:26 PST" duration-ms="4625" status="PASS">
          <reporter-output>
          </reporter-output>
        </test-method> <!-- configureApp -->
        <test-method signature="slider1()[pri:0, instance:ios.Slider@2034b64c]" started-at="2023-05-24T10:53:26 PST" name="slider1" finished-at="2023-05-24T10:53:28 PST" duration-ms="2133" status="PASS">
          <reporter-output>
          </reporter-output>
        </test-method> <!-- slider1 -->
      </class> <!-- ios.Slider -->
    </test> <!-- Default test -->
  </suite> <!-- Default suite -->
</testng-results>
